> Task :app:preBuild UP-TO-DATE
> Task :app:preReleaseBuild UP-TO-DATE
> Task :app:mergeReleaseJniLibFolders
> Task :app:generateReleaseBuildConfig
> Task :app:generateReleaseResources FROM-CACHE
> Task :app:checkReleaseDuplicateClasses
> Task :app:packageReleaseResources
> Task :app:mergeReleaseNativeLibs
> Task :app:processReleaseNavigationResources
> Task :app:parseReleaseLocalResources FROM-CACHE
> Task :app:generateReleaseRFile FROM-CACHE

> Task :app:stripReleaseDebugSymbols
Unable to strip the following libraries, packaging them as they are: libandroidx.graphics.path.so, libdatastore_shared_counter.so, liblanguage_id_l2c_jni.so, libtranslate_jni.so. Run with --info option to learn more.

> Task :app:javaPreCompileRelease FROM-CACHE
> Task :app:extractReleaseNativeSymbolTables
> Task :app:mergeReleaseNativeDebugMetadata NO-SOURCE
> Task :app:mapReleaseSourceSetPaths
> Task :app:checkReleaseAarMetadata
> Task :app:compileReleaseNavigationResources FROM-CACHE
> Task :app:createReleaseCompatibleScreenManifests
> Task :app:extractDeepLinksRelease
> Task :app:processReleaseMainManifest
> Task :app:processReleaseManifest
> Task :app:desugarReleaseFileDependencies
> Task :app:mergeReleaseStartupProfile
> Task :app:mergeReleaseResources
Exception in thread "AWT-EventQueue-0" java.lang.NullPointerException: Cannot invoke "ksp.com.intellij.openapi.application.Application.getService(java.lang.Class)" because the return value of "ksp.com.intellij.openapi.application.ApplicationManager.getApplication()" is null
	at ksp.com.intellij.openapi.fileEditor.FileDocumentManager.getInstance(FileDocumentManager.java:35)
	at ksp.com.intellij.openapi.fileTypes.BinaryFileTypeDecompilers.lambda$notifyDecompilerSetChange$1(BinaryFileTypeDecompilers.java:29)
	at java.desktop/java.awt.event.InvocationEvent.dispatch(InvocationEvent.java:318)
	at java.desktop/java.awt.EventQueue.dispatchEventImpl(EventQueue.java:773)
	at java.desktop/java.awt.EventQueue$4.run(EventQueue.java:720)
	at java.desktop/java.awt.EventQueue$4.run(EventQueue.java:714)
	at java.base/java.security.AccessController.doPrivileged(AccessController.java:400)
	at java.base/java.security.ProtectionDomain$JavaSecurityAccessImpl.doIntersectionPrivilege(ProtectionDomain.java:87)
	at java.desktop/java.awt.EventQueue.dispatchEvent(EventQueue.java:742)
	at java.desktop/java.awt.EventDispatchThread.pumpOneEventForFilters(EventDispatchThread.java:203)
	at java.desktop/java.awt.EventDispatchThread.pumpEventsForFilter(EventDispatchThread.java:124)
	at java.desktop/java.awt.EventDispatchThread.pumpEventsForHierarchy(EventDispatchThread.java:113)
	at java.desktop/java.awt.EventDispatchThread.pumpEvents(EventDispatchThread.java:109)
	at java.desktop/java.awt.EventDispatchThread.pumpEvents(EventDispatchThread.java:101)
	at java.desktop/java.awt.EventDispatchThread.run(EventDispatchThread.java:90)
> Task :app:kspReleaseKotlin
> Task :app:processReleaseManifestForPackage
> Task :app:mergeExtDexRelease
> Task :app:mergeReleaseArtProfile
> Task :app:generateReleaseAssets UP-TO-DATE
> Task :app:mergeReleaseAssets
> Task :app:compressReleaseAssets
> Task :app:processReleaseResources
> Task :app:extractReleaseVersionControlInfo
> Task :app:extractProguardFiles
> Task :app:collectReleaseDependencies
> Task :app:sdkReleaseDependencyData
> Task :app:validateSigningRelease
> Task :app:writeReleaseAppMetadata
> Task :app:writeReleaseSigningConfigVersions
> Task :app:optimizeReleaseResources
> Task :app:compileReleaseKotlin
w: file:///app/applet/app/src/main/java/com/example/AuraLearningApp.kt:61:64 'val Icons.Filled.MenuBook: ImageVector' is deprecated. Use the AutoMirrored version at Icons.AutoMirrored.Filled.MenuBook.
w: file:///app/applet/app/src/main/java/com/example/data/local/PlannerDatabase.kt:34:18 'fun fallbackToDestructiveMigration(): RoomDatabase.Builder<PlannerDatabase>' is deprecated. Replace by overloaded version with parameter to indicate if all tables should be dropped or not.
w: file:///app/applet/app/src/main/java/com/example/ui/admin/AdminEditWebsiteScreen.kt:88:43 'val Icons.Filled.ArrowBack: ImageVector' is deprecated. Use the AutoMirrored version at Icons.AutoMirrored.Filled.ArrowBack.
w: file:///app/applet/app/src/main/java/com/example/ui/admin/AdminNotificationsScreen.kt:211:43 'val Icons.Filled.Send: ImageVector' is deprecated. Use the AutoMirrored version at Icons.AutoMirrored.Filled.Send.
w: file:///app/applet/app/src/main/java/com/example/ui/admin/AdminWebsiteUploadScreen.kt:61:43 'val Icons.Filled.ArrowBack: ImageVector' is deprecated. Use the AutoMirrored version at Icons.AutoMirrored.Filled.ArrowBack.
w: file:///app/applet/app/src/main/java/com/example/ui/books/BookDetailScreen.kt:388:64 'val Icons.Filled.InsertDriveFile: ImageVector' is deprecated. Use the AutoMirrored version at Icons.AutoMirrored.Filled.InsertDriveFile.
w: file:///app/applet/app/src/main/java/com/example/ui/books/BookDetailScreen.kt:467:61 'val Icons.Filled.MenuBook: ImageVector' is deprecated. Use the AutoMirrored version at Icons.AutoMirrored.Filled.MenuBook.
w: file:///app/applet/app/src/main/java/com/example/ui/books/BookSummaryScreen.kt:323:45 'val Icons.Filled.List: ImageVector' is deprecated. Use the AutoMirrored version at Icons.AutoMirrored.Filled.List.
w: file:///app/applet/app/src/main/java/com/example/ui/books/BookSummaryScreen.kt:337:45 'val Icons.Filled.MenuBook: ImageVector' is deprecated. Use the AutoMirrored version at Icons.AutoMirrored.Filled.MenuBook.
w: file:///app/applet/app/src/main/java/com/example/ui/books/PdfViewerScreen.kt:598:33 'fun Divider(modifier: Modifier = ..., thickness: Dp = ..., color: Color = ...): Unit' is deprecated. Renamed to HorizontalDivider.
w: file:///app/applet/app/src/main/java/com/example/ui/books/PdfViewerScreen.kt:615:55 'val Icons.Outlined.Notes: ImageVector' is deprecated. Use the AutoMirrored version at Icons.AutoMirrored.Outlined.Notes.
w: file:///app/applet/app/src/main/java/com/example/ui/chat/PuterChatScreen.kt:105:33 'var databaseEnabled: Boolean' is deprecated. Deprecated in Java.
w: file:///app/applet/app/src/main/java/com/example/ui/home/ResourcesScreen.kt:85:43 'val Icons.Filled.ArrowBack: ImageVector' is deprecated. Use the AutoMirrored version at Icons.AutoMirrored.Filled.ArrowBack.
w: file:///app/applet/app/src/main/java/com/example/ui/notifications/NotificationSettingsScreen.kt:254:49 'val Icons.Filled.VolumeUp: ImageVector' is deprecated. Use the AutoMirrored version at Icons.AutoMirrored.Filled.VolumeUp.
w: file:///app/applet/app/src/main/java/com/example/ui/pdf/screens/ImageToPdfScreen.kt:64:41 'static fun getBitmap(p0: ContentResolver!, p1: Uri!): Bitmap!' is deprecated. Deprecated in Java.
w: file:///app/applet/app/src/main/java/com/example/ui/pdf/screens/PdfToolScreen.kt:85:47 'val Icons.Filled.ArrowBack: ImageVector' is deprecated. Use the AutoMirrored version at Icons.AutoMirrored.Filled.ArrowBack.
w: file:///app/applet/app/src/main/java/com/example/ui/pdf/screens/PdfToolScreen.kt:297:44 'val Icons.Filled.LibraryBooks: ImageVector' is deprecated. Use the AutoMirrored version at Icons.AutoMirrored.Filled.LibraryBooks.
w: file:///app/applet/app/src/main/java/com/example/ui/pdfmanager/HorizontalPdfReader.kt:123:74 Unchecked cast of 'NoteTakingViewModel' to 'T (of fun <T : ViewModel> create)'.
w: file:///app/applet/app/src/main/java/com/example/ui/study/ExamCountdownScreen.kt:221:56 'val Icons.Filled.EventNote: ImageVector' is deprecated. Use the AutoMirrored version at Icons.AutoMirrored.Filled.EventNote.
w: file:///app/applet/app/src/main/java/com/example/ui/study/ExamCountdownScreen.kt:316:68 'val Icons.Filled.MenuBook: ImageVector' is deprecated. Use the AutoMirrored version at Icons.AutoMirrored.Filled.MenuBook.
w: file:///app/applet/app/src/main/java/com/example/ui/study/ExamCountdownScreen.kt:459:59 'val Icons.Filled.MenuBook: ImageVector' is deprecated. Use the AutoMirrored version at Icons.AutoMirrored.Filled.MenuBook.
w: file:///app/applet/app/src/main/java/com/example/ui/study/ResultAnalysisScreen.kt:577:57 Java type mismatch: inferred type is 'Nothing?', but 'String' was expected.
w: file:///app/applet/app/src/main/java/com/example/ui/study/ResultAnalysisScreen.kt:578:55 Java type mismatch: inferred type is 'Nothing?', but 'String' was expected.
w: file:///app/applet/app/src/main/java/com/example/ui/study/ResultAnalysisScreen.kt:579:45 Java type mismatch: inferred type is 'Nothing?', but 'String' was expected.
w: file:///app/applet/app/src/main/java/com/example/ui/study/ResultAnalysisScreen.kt:580:53 Java type mismatch: inferred type is 'Nothing?', but 'String' was expected.
w: file:///app/applet/app/src/main/java/com/example/ui/study/ResultAnalysisScreen.kt:581:55 Java type mismatch: inferred type is 'Nothing?', but 'String' was expected.
w: file:///app/applet/app/src/main/java/com/example/ui/study/ResultAnalysisScreen.kt:586:45 Java type mismatch: inferred type is 'Nothing?', but 'String' was expected.
w: file:///app/applet/app/src/main/java/com/example/ui/study/ResultAnalysisScreen.kt:587:51 Java type mismatch: inferred type is 'Nothing?', but 'String' was expected.
w: file:///app/applet/app/src/main/java/com/example/ui/study/ResultAnalysisScreen.kt:588:51 Java type mismatch: inferred type is 'Nothing?', but 'String' was expected.
w: file:///app/applet/app/src/main/java/com/example/ui/study/ResultAnalysisScreen.kt:589:43 Java type mismatch: inferred type is 'Nothing?', but 'String' was expected.
w: file:///app/applet/app/src/main/java/com/example/ui/study/ResultAnalysisScreen.kt:590:49 Java type mismatch: inferred type is 'Nothing?', but 'String' was expected.
w: file:///app/applet/app/src/main/java/com/example/ui/study/ResultAnalysisScreen.kt:1432:39 'val Icons.Filled.EventNote: ImageVector' is deprecated. Use the AutoMirrored version at Icons.AutoMirrored.Filled.EventNote.
w: file:///app/applet/app/src/main/java/com/example/ui/study/ResultAnalysisScreen.kt:1477:43 'val Icons.Filled.TrendingUp: ImageVector' is deprecated. Use the AutoMirrored version at Icons.AutoMirrored.Filled.TrendingUp.
w: file:///app/applet/app/src/main/java/com/example/ui/study/ToolsScreen.kt:114:56 'val Icons.Filled.ArrowBack: ImageVector' is deprecated. Use the AutoMirrored version at Icons.AutoMirrored.Filled.ArrowBack.
w: file:///app/applet/app/src/main/java/com/example/ui/study/ToolsScreen.kt:252:44 'val Icons.Filled.ArrowForward: ImageVector' is deprecated. Use the AutoMirrored version at Icons.AutoMirrored.Filled.ArrowForward.
w: file:///app/applet/app/src/main/java/com/example/ui/study/calculator/CalculatorViewModel.kt:41:10 This declaration needs opt-in. Its usage should be marked with '@kotlinx.coroutines.ExperimentalCoroutinesApi' or '@OptIn(kotlinx.coroutines.ExperimentalCoroutinesApi::class)'
w: file:///app/applet/app/src/main/java/com/example/ui/study/calculator/ScientificCalculatorScreen.kt:104:47 'val Icons.Filled.Undo: ImageVector' is deprecated. Use the AutoMirrored version at Icons.AutoMirrored.Filled.Undo.
w: file:///app/applet/app/src/main/java/com/example/ui/study/calculator/ScientificCalculatorScreen.kt:111:47 'val Icons.Filled.Redo: ImageVector' is deprecated. Use the AutoMirrored version at Icons.AutoMirrored.Filled.Redo.
w: file:///app/applet/app/src/main/java/com/example/ui/study/map/MapAgentScreen.kt:64:43 'val Icons.Filled.ArrowBack: ImageVector' is deprecated. Use the AutoMirrored version at Icons.AutoMirrored.Filled.ArrowBack.
w: file:///app/applet/app/src/main/java/com/example/ui/study/map/MapAgentScreen.kt:110:39 'val Icons.Filled.Send: ImageVector' is deprecated. Use the AutoMirrored version at Icons.AutoMirrored.Filled.Send.
w: file:///app/applet/app/src/main/java/com/example/ui/study/websitereader/WebsiteReaderScreen.kt:230:48 'val Icons.Filled.ArrowForward: ImageVector' is deprecated. Use the AutoMirrored version at Icons.AutoMirrored.Filled.ArrowForward.
w: file:///app/applet/app/src/main/java/com/example/ui/study/websitereader/WebsiteReaderScreen.kt:323:57 'val Icons.Filled.MenuBook: ImageVector' is deprecated. Use the AutoMirrored version at Icons.AutoMirrored.Filled.MenuBook.
w: file:///app/applet/app/src/main/java/com/example/ui/study/websitereader/WebsiteReaderScreen.kt:612:58 'val Icons.Filled.Subject: ImageVector' is deprecated. Use the AutoMirrored version at Icons.AutoMirrored.Filled.Subject.
w: file:///app/applet/app/src/main/java/com/example/ui/study/websitereader/WebsiteReaderScreen.kt:614:61 'val Icons.Filled.List: ImageVector' is deprecated. Use the AutoMirrored version at Icons.AutoMirrored.Filled.List.
w: file:///app/applet/app/src/main/java/com/example/ui/study/websitereader/WebsiteReaderScreen.kt:615:49 'val Icons.Filled.HelpOutline: ImageVector' is deprecated. Use the AutoMirrored version at Icons.AutoMirrored.Filled.HelpOutline.
w: file:///app/applet/app/src/main/java/com/example/ui/study/websitereader/WebsiteReaderScreen.kt:616:54 'val Icons.Filled.FactCheck: ImageVector' is deprecated. Use the AutoMirrored version at Icons.AutoMirrored.Filled.FactCheck.
w: file:///app/applet/app/src/main/java/com/example/ui/study/websitereader/WebsiteReaderScreen.kt:619:56 'val Icons.Filled.Notes: ImageVector' is deprecated. Use the AutoMirrored version at Icons.AutoMirrored.Filled.Notes.
w: file:///app/applet/app/src/main/java/com/example/ui/study/websitereader/WebsiteReaderScreen.kt:654:21 'fun Divider(modifier: Modifier = ..., thickness: Dp = ..., color: Color = ...): Unit' is deprecated. Renamed to HorizontalDivider.
w: file:///app/applet/app/src/main/java/com/example/ui/study/websitereader/WebsiteReaderScreen.kt:1005:52 'val Icons.Filled.Launch: ImageVector' is deprecated. Use the AutoMirrored version at Icons.AutoMirrored.Filled.Launch.
w: file:///app/applet/app/src/main/java/com/example/ui/study/websitereader/WebsiteReaderViewModel.kt:98:10 This declaration needs opt-in. Its usage should be marked with '@kotlinx.coroutines.ExperimentalCoroutinesApi' or '@OptIn(kotlinx.coroutines.ExperimentalCoroutinesApi::class)'
w: file:///app/applet/app/src/main/java/com/example/ui/videos/VideoPlayerScreen.kt:64:74 Unchecked cast of 'NoteTakingViewModel' to 'T (of fun <T : ViewModel> create)'.
w: file:///app/applet/app/src/main/java/com/example/utils/HapticHelper.kt:26:61 'static field VIBRATOR_SERVICE: String' is deprecated. Deprecated in Java.

> Task :app:compileReleaseJavaWithJavac
> Task :app:dexBuilderRelease
> Task :app:mergeReleaseGlobalSynthetics
> Task :app:generateReleaseLintVitalReportModel
> Task :app:processReleaseJavaRes
> Task :app:mergeReleaseJavaResource
> Task :app:mergeDexRelease
> Task :app:compileReleaseArtProfile
> Task :app:lintVitalAnalyzeRelease
> Task :app:lintVitalReportRelease
> Task :app:lintVitalRelease
> Task :app:packageRelease
> Task :app:createReleaseApkListingFileRedirect
> Task :app:assembleRelease

BUILD SUCCESSFUL in 3m 50s
51 actionable tasks: 46 executed, 5 from cache
